ERC report (2026-05-06T19:50:27, Encoding UTF8)
Report includes: Errors, Warnings

***** Sheet /
[lib_symbol_issues]: The symbol library 'power' was not found at 'C:\Users\saikat.c\AppData\Local\Programs\KiCad\10.0\share\kicad\symbols\/power.kicad_sym'
    ; warning
    @(3800 mils, 2550 mils): Symbol #FLG02 [PWR_FLAG]
[lib_symbol_issues]: The symbol library 'power' was not found at 'C:\Users\saikat.c\AppData\Local\Programs\KiCad\10.0\share\kicad\symbols\/power.kicad_sym'
    ; warning
    @(4350 mils, 2500 mils): Symbol #PWR01 [+5V]
[lib_symbol_issues]: The symbol library 'power' was not found at 'C:\Users\saikat.c\AppData\Local\Programs\KiCad\10.0\share\kicad\symbols\/power.kicad_sym'
    ; warning
    @(3250 mils, 4600 mils): Symbol #FLG01 [PWR_FLAG]
[lib_symbol_issues]: The symbol library 'power' was not found at 'C:\Users\saikat.c\AppData\Local\Programs\KiCad\10.0\share\kicad\symbols\/power.kicad_sym'
    ; warning
    @(3100 mils, 4750 mils): Symbol #PWR015 [GND]
[lib_symbol_issues]: The symbol library 'Sensor_Gas' was not found at 'C:\Users\saikat.c\AppData\Local\Programs\KiCad\10.0\share\kicad\symbols\/Sensor_Gas.kicad_sym'
    ; warning
    @(4350 mils, 4100 mils): Symbol U1 [MQ-6]
[lib_symbol_issues]: The symbol library 'power' was not found at 'C:\Users\saikat.c\AppData\Local\Programs\KiCad\10.0\share\kicad\symbols\/power.kicad_sym'
    ; warning
    @(5850 mils, 2500 mils): Symbol #PWR08 [+5V]
[lib_symbol_issues]: The symbol library 'power' was not found at 'C:\Users\saikat.c\AppData\Local\Programs\KiCad\10.0\share\kicad\symbols\/power.kicad_sym'
    ; warning
    @(4350 mils, 4750 mils): Symbol #PWR02 [GND]
[lib_symbol_issues]: The symbol library 'Device' was not found at 'C:\Users\saikat.c\AppData\Local\Programs\KiCad\10.0\share\kicad\symbols\/Device.kicad_sym'
    ; warning
    @(5300 mils, 4300 mils): Symbol R1 [R]
[lib_symbol_issues]: The symbol library 'power' was not found at 'C:\Users\saikat.c\AppData\Local\Programs\KiCad\10.0\share\kicad\symbols\/power.kicad_sym'
    ; warning
    @(5300 mils, 4750 mils): Symbol #PWR03 [GND]
[lib_symbol_issues]: The symbol library 'Device' was not found at 'C:\Users\saikat.c\AppData\Local\Programs\KiCad\10.0\share\kicad\symbols\/Device.kicad_sym'
    ; warning
    @(6450 mils, 3050 mils): Symbol R3 [R]
[lib_symbol_issues]: The symbol library 'Device' was not found at 'C:\Users\saikat.c\AppData\Local\Programs\KiCad\10.0\share\kicad\symbols\/Device.kicad_sym'
    ; warning
    @(5850 mils, 4100 mils): Symbol R_Var1 [R_Potentiometer]
[lib_symbol_issues]: The symbol library 'power' was not found at 'C:\Users\saikat.c\AppData\Local\Programs\KiCad\10.0\share\kicad\symbols\/power.kicad_sym'
    ; warning
    @(6350 mils, 3350 mils): Symbol #PWR014 [+5V]
[lib_symbol_issues]: The symbol library 'power' was not found at 'C:\Users\saikat.c\AppData\Local\Programs\KiCad\10.0\share\kicad\symbols\/power.kicad_sym'
    ; warning
    @(6850 mils, 2500 mils): Symbol #PWR013 [+5V]
[lib_symbol_issues]: The symbol library 'Device' was not found at 'C:\Users\saikat.c\AppData\Local\Programs\KiCad\10.0\share\kicad\symbols\/Device.kicad_sym'
    ; warning
    @(6850 mils, 2800 mils): Symbol R5 [R]
[lib_symbol_issues]: The symbol library 'Comparator' was not found at 'C:\Users\saikat.c\AppData\Local\Programs\KiCad\10.0\share\kicad\symbols\/Comparator.kicad_sym'
    ; warning
    @(6450 mils, 3800 mils): Symbol U2 [LM393]
[lib_symbol_issues]: The symbol library 'Comparator' was not found at 'C:\Users\saikat.c\AppData\Local\Programs\KiCad\10.0\share\kicad\symbols\/Comparator.kicad_sym'
    ; warning
    @(6450 mils, 3800 mils): Symbol U2 [LM393]
[lib_symbol_issues]: The symbol library 'power' was not found at 'C:\Users\saikat.c\AppData\Local\Programs\KiCad\10.0\share\kicad\symbols\/power.kicad_sym'
    ; warning
    @(5850 mils, 4750 mils): Symbol #PWR07 [GND]
[lib_symbol_issues]: The symbol library 'power' was not found at 'C:\Users\saikat.c\AppData\Local\Programs\KiCad\10.0\share\kicad\symbols\/power.kicad_sym'
    ; warning
    @(6350 mils, 4750 mils): Symbol #PWR09 [GND]
[lib_symbol_issues]: The symbol library 'Device' was not found at 'C:\Users\saikat.c\AppData\Local\Programs\KiCad\10.0\share\kicad\symbols\/Device.kicad_sym'
    ; warning
    @(6850 mils, 4100 mils): Symbol R4 [R]
[lib_symbol_issues]: The symbol library 'Device' was not found at 'C:\Users\saikat.c\AppData\Local\Programs\KiCad\10.0\share\kicad\symbols\/Device.kicad_sym'
    ; warning
    @(7150 mils, 3800 mils): Symbol C1 [C]
[lib_symbol_issues]: The symbol library 'Comparator' was not found at 'C:\Users\saikat.c\AppData\Local\Programs\KiCad\10.0\share\kicad\symbols\/Comparator.kicad_sym'
    ; warning
    @(7650 mils, 2900 mils): Symbol U2 [LM393]
[lib_symbol_issues]: The symbol library 'Device' was not found at 'C:\Users\saikat.c\AppData\Local\Programs\KiCad\10.0\share\kicad\symbols\/Device.kicad_sym'
    ; warning
    @(6850 mils, 4500 mils): Symbol D2 [LED]
[lib_symbol_issues]: The symbol library 'power' was not found at 'C:\Users\saikat.c\AppData\Local\Programs\KiCad\10.0\share\kicad\symbols\/power.kicad_sym'
    ; warning
    @(6850 mils, 4750 mils): Symbol #PWR012 [GND]
[lib_symbol_issues]: The symbol library 'Device' was not found at 'C:\Users\saikat.c\AppData\Local\Programs\KiCad\10.0\share\kicad\symbols\/Device.kicad_sym'
    ; warning
    @(7400 mils, 4150 mils): Symbol D1 [D]
[lib_symbol_issues]: The symbol library 'Device' was not found at 'C:\Users\saikat.c\AppData\Local\Programs\KiCad\10.0\share\kicad\symbols\/Device.kicad_sym'
    ; warning
    @(7650 mils, 3800 mils): Symbol D4 [D]
[lib_symbol_issues]: The symbol library 'power' was not found at 'C:\Users\saikat.c\AppData\Local\Programs\KiCad\10.0\share\kicad\symbols\/power.kicad_sym'
    ; warning
    @(7400 mils, 4750 mils): Symbol #PWR011 [GND]
[lib_symbol_issues]: The symbol library 'Device' was not found at 'C:\Users\saikat.c\AppData\Local\Programs\KiCad\10.0\share\kicad\symbols\/Device.kicad_sym'
    ; warning
    @(8200 mils, 3200 mils): Symbol BZ1 [Buzzer]
[lib_symbol_issues]: The symbol library 'power' was not found at 'C:\Users\saikat.c\AppData\Local\Programs\KiCad\10.0\share\kicad\symbols\/power.kicad_sym'
    ; warning
    @(8550 mils, 2500 mils): Symbol #PWR05 [+5V]
[lib_symbol_issues]: The symbol library 'Device' was not found at 'C:\Users\saikat.c\AppData\Local\Programs\KiCad\10.0\share\kicad\symbols\/Device.kicad_sym'
    ; warning
    @(7950 mils, 4150 mils): Symbol R2 [R]
[lib_symbol_issues]: The symbol library 'Device' was not found at 'C:\Users\saikat.c\AppData\Local\Programs\KiCad\10.0\share\kicad\symbols\/Device.kicad_sym'
    ; warning
    @(8300 mils, 3700 mils): Symbol D3 [Q_SCR_KAG]
[lib_symbol_issues]: The symbol library 'power' was not found at 'C:\Users\saikat.c\AppData\Local\Programs\KiCad\10.0\share\kicad\symbols\/power.kicad_sym'
    ; warning
    @(7950 mils, 4750 mils): Symbol #PWR010 [GND]
[lib_symbol_issues]: The symbol library 'Device' was not found at 'C:\Users\saikat.c\AppData\Local\Programs\KiCad\10.0\share\kicad\symbols\/Device.kicad_sym'
    ; warning
    @(8850 mils, 3150 mils): Symbol R6 [R]
[lib_symbol_issues]: The symbol library 'power' was not found at 'C:\Users\saikat.c\AppData\Local\Programs\KiCad\10.0\share\kicad\symbols\/power.kicad_sym'
    ; warning
    @(8300 mils, 4750 mils): Symbol #PWR06 [GND]
[lib_symbol_issues]: The symbol library 'Switch' was not found at 'C:\Users\saikat.c\AppData\Local\Programs\KiCad\10.0\share\kicad\symbols\/Switch.kicad_sym'
    ; warning
    @(8850 mils, 4000 mils): Symbol SW1 [SW_Push]
[lib_symbol_issues]: The symbol library 'power' was not found at 'C:\Users\saikat.c\AppData\Local\Programs\KiCad\10.0\share\kicad\symbols\/power.kicad_sym'
    ; warning
    @(8850 mils, 4750 mils): Symbol #PWR016 [GND]

 ** ERC messages: 35  Errors 0  Warnings 35

 ** Ignored checks:
    - Global label only appears once in the schematic
    - Four connection points are joined together
    - SPICE model issue
    - Assigned footprint doesn't match footprint filters
